2023.08.16 16:49:07 INFO  Started: Metals version 1.0.0 in folders '/Users/conordowen/Desktop/DPUCourses/Summer23/SE450/check-IN/JPaint' for client Visual Studio Code 1.81.0.
Aug 16, 2023 4:49:07 PM org.flywaydb.core.internal.license.VersionPrinter printVersionOnly
INFO: Flyway Community Edition 9.20.1 by Redgate
Aug 16, 2023 4:49:07 PM org.flywaydb.core.internal.license.VersionPrinter printVersion
INFO: See release notes here: https://rd.gt/416ObMi
Aug 16, 2023 4:49:07 PM org.flywaydb.core.internal.license.VersionPrinter printVersion
INFO: 
Aug 16, 2023 4:49:07 PM org.flywaydb.core.internal.database.base.BaseDatabaseType createDatabase
INFO: Database: jdbc:h2:file:/Users/conordowen/Desktop/DPUCourses/Summer23/SE450/check-IN/JPaint/.metals/metals (H2 2.1)
Aug 16, 2023 4:49:07 PM org.flywaydb.core.internal.schemahistory.JdbcTableSchemaHistory allAppliedMigrations
INFO: Schema history table "PUBLIC"."flyway_schema_history" does not exist yet
Aug 16, 2023 4:49:07 PM org.flywaydb.core.internal.command.DbValidate validate
INFO: Successfully validated 4 migrations (execution time 00:00.023s)
Aug 16, 2023 4:49:07 PM org.flywaydb.core.internal.schemahistory.JdbcTableSchemaHistory create
INFO: Creating Schema History table "PUBLIC"."flyway_schema_history" ...
Aug 16, 2023 4:49:07 PM org.flywaydb.core.internal.command.DbMigrate migrateGroup
INFO: Current version of schema "PUBLIC": << Empty Schema >>
Aug 16, 2023 4:49:07 PM org.flywaydb.core.internal.command.DbMigrate doMigrateGroup
INFO: Migrating schema "PUBLIC" to version "1 - Create tables"
Aug 16, 2023 4:49:07 PM org.flywaydb.core.internal.command.DbMigrate doMigrateGroup
INFO: Migrating schema "PUBLIC" to version "2 - Server discovery"
Aug 16, 2023 4:49:07 PM org.flywaydb.core.internal.command.DbMigrate doMigrateGroup
INFO: Migrating schema "PUBLIC" to version "3 - Jar symbols"
Aug 16, 2023 4:49:07 PM org.flywaydb.core.internal.command.DbMigrate doMigrateGroup
INFO: Migrating schema "PUBLIC" to version "4 - Fingerprints"
Aug 16, 2023 4:49:07 PM org.flywaydb.core.internal.command.DbMigrate logSummary
INFO: Successfully applied 4 migrations to schema "PUBLIC", now at version v4 (execution time 00:00.042s)
2023.08.16 16:49:08 INFO  time: initialize in 1.1s
Aug 16, 2023 4:49:18 PM org.eclipse.lsp4j.jsonrpc.RemoteEndpoint handleCancellation
WARNING: Unmatched cancel notification for request id 1
2023.08.16 16:49:18 INFO  Shutting down server
2023.08.16 16:49:18 INFO  shutting down Metals
2023.08.16 16:49:18 WARN  Build server is not auto-connectable.
2023.08.16 16:49:18 WARN  no build tool detected in workspace '/Users/conordowen/Desktop/DPUCourses/Summer23/SE450/check-IN/JPaint'. The most common cause for this problem is that the editor was opened in the wrong working directory, for example if you use sbt then the workspace directory should contain build.sbt. 
